2022-08-08 15:08:46 INFO  c.s.Logback_Demo_4019 - [logStarting,55] - Starting Logback_Demo_4019 using Java 1.8.0_162 on LAPTOP-G0GIN7LN with PID 40856 (G:\TheProgram\Java\LiuItems\logback-demo-4019\target\classes started by admin in G:\TheProgram\Java\LiuItems)
2022-08-08 15:08:46 INFO  c.s.Logback_Demo_4019 - [logStartupProfileInfo,634] - No active profile set, falling back to 1 default profile: "default"
2022-08-08 15:08:48 INFO  o.s.b.w.e.t.TomcatWebServer - [initialize,108] - Tomcat initialized with port(s): 4019 (http)
2022-08-08 15:08:48 INFO  o.a.c.h.Http11NioProtocol - [log,173] - Initializing ProtocolHandler ["http-nio-4019"]
2022-08-08 15:08:48 INFO  o.a.c.c.StandardService - [log,173] - Starting service [Tomcat]
2022-08-08 15:08:48 INFO  o.a.c.c.StandardEngine - [log,173] - Starting Servlet engine: [Apache Tomcat/9.0.63]
2022-08-08 15:08:48 INFO  o.a.c.c.C.[.[.[/] - [log,173] - Initializing Spring embedded WebApplicationContext
2022-08-08 15:08:48 INFO  o.s.b.w.s.c.ServletWebServerApplicationContext - [prepareWebApplicationContext,292] - Root WebApplicationContext: initialization completed in 2187 ms
2022-08-08 15:08:49 INFO  o.a.c.h.Http11NioProtocol - [log,173] - Starting ProtocolHandler ["http-nio-4019"]
2022-08-08 15:08:49 INFO  o.s.b.w.e.t.TomcatWebServer - [start,220] - Tomcat started on port(s): 4019 (http) with context path ''
2022-08-08 15:08:49 INFO  c.s.Logback_Demo_4019 - [logStarted,61] - Started Logback_Demo_4019 in 4.551 seconds (JVM running for 9.51)
2022-08-08 15:10:26 INFO  c.s.Logback_Demo_4019 - [logStarting,55] - Starting Logback_Demo_4019 using Java 1.8.0_162 on LAPTOP-G0GIN7LN with PID 34256 (G:\TheProgram\Java\LiuItems\logback-demo-4019\target\classes started by admin in G:\TheProgram\Java\LiuItems)
2022-08-08 15:10:26 INFO  c.s.Logback_Demo_4019 - [logStartupProfileInfo,634] - No active profile set, falling back to 1 default profile: "default"
2022-08-08 15:10:28 INFO  o.s.b.w.e.t.TomcatWebServer - [initialize,108] - Tomcat initialized with port(s): 4019 (http)
2022-08-08 15:10:28 INFO  o.a.c.h.Http11NioProtocol - [log,173] - Initializing ProtocolHandler ["http-nio-4019"]
2022-08-08 15:10:28 INFO  o.a.c.c.StandardService - [log,173] - Starting service [Tomcat]
2022-08-08 15:10:28 INFO  o.a.c.c.StandardEngine - [log,173] - Starting Servlet engine: [Apache Tomcat/9.0.63]
2022-08-08 15:10:28 INFO  o.a.c.c.C.[.[.[/] - [log,173] - Initializing Spring embedded WebApplicationContext
2022-08-08 15:10:28 INFO  o.s.b.w.s.c.ServletWebServerApplicationContext - [prepareWebApplicationContext,292] - Root WebApplicationContext: initialization completed in 1756 ms
2022-08-08 15:10:29 INFO  o.a.c.h.Http11NioProtocol - [log,173] - Starting ProtocolHandler ["http-nio-4019"]
2022-08-08 15:10:29 INFO  o.s.b.w.e.t.TomcatWebServer - [start,220] - Tomcat started on port(s): 4019 (http) with context path ''
2022-08-08 15:10:29 INFO  c.s.Logback_Demo_4019 - [logStarted,61] - Started Logback_Demo_4019 in 3.847 seconds (JVM running for 7.597)
2022-08-08 15:11:39 INFO  o.a.c.c.C.[.[.[/] - [log,173] - Initializing Spring DispatcherServlet 'dispatcherServlet'
2022-08-08 15:11:39 INFO  o.s.w.s.DispatcherServlet - [initServletBean,525] - Initializing Servlet 'dispatcherServlet'
2022-08-08 15:11:39 INFO  o.s.w.s.DispatcherServlet - [initServletBean,547] - Completed initialization in 1 ms
2022-08-08 15:11:39 INFO  c.z.h.HikariDataSource - [getConnection,110] - HikariPool-1 - Starting...
2022-08-08 15:11:39 INFO  c.z.h.pool.PoolBase - [getAndSetNetworkTimeout,541] - HikariPool-1 - Driver does not support get/set network timeout for connections. (oracle.jdbc.driver.T4CConnection.getNetworkTimeout()I)
2022-08-08 15:11:39 INFO  c.z.h.HikariDataSource - [getConnection,123] - HikariPool-1 - Start completed.
2022-08-08 15:17:14 INFO  c.z.h.HikariDataSource - [close,350] - HikariPool-1 - Shutdown initiated...
2022-08-08 15:17:14 INFO  c.z.h.HikariDataSource - [close,352] - HikariPool-1 - Shutdown completed.
2022-08-08 15:18:47 INFO  c.s.Logback_Demo_4019 - [logStarting,55] - Starting Logback_Demo_4019 using Java 1.8.0_162 on LAPTOP-G0GIN7LN with PID 41684 (G:\TheProgram\Java\LiuItems\logback-demo-4019\target\classes started by admin in G:\TheProgram\Java\LiuItems)
2022-08-08 15:18:47 INFO  c.s.Logback_Demo_4019 - [logStartupProfileInfo,634] - No active profile set, falling back to 1 default profile: "default"
2022-08-08 15:18:49 INFO  o.s.b.w.e.t.TomcatWebServer - [initialize,108] - Tomcat initialized with port(s): 4019 (http)
2022-08-08 15:18:49 INFO  o.a.c.h.Http11NioProtocol - [log,173] - Initializing ProtocolHandler ["http-nio-4019"]
2022-08-08 15:18:49 INFO  o.a.c.c.StandardService - [log,173] - Starting service [Tomcat]
2022-08-08 15:18:49 INFO  o.a.c.c.StandardEngine - [log,173] - Starting Servlet engine: [Apache Tomcat/9.0.63]
2022-08-08 15:18:50 INFO  o.a.c.c.C.[.[.[/] - [log,173] - Initializing Spring embedded WebApplicationContext
2022-08-08 15:18:50 INFO  o.s.b.w.s.c.ServletWebServerApplicationContext - [prepareWebApplicationContext,292] - Root WebApplicationContext: initialization completed in 2152 ms
2022-08-08 15:18:51 INFO  o.a.c.h.Http11NioProtocol - [log,173] - Starting ProtocolHandler ["http-nio-4019"]
2022-08-08 15:18:51 INFO  o.s.b.w.e.t.TomcatWebServer - [start,220] - Tomcat started on port(s): 4019 (http) with context path ''
2022-08-08 15:18:51 INFO  c.s.Logback_Demo_4019 - [logStarted,61] - Started Logback_Demo_4019 in 4.571 seconds (JVM running for 7.456)
2022-08-08 15:27:46 INFO  o.a.c.c.C.[.[.[/] - [log,173] - Initializing Spring DispatcherServlet 'dispatcherServlet'
2022-08-08 15:27:46 INFO  o.s.w.s.DispatcherServlet - [initServletBean,525] - Initializing Servlet 'dispatcherServlet'
2022-08-08 15:27:46 INFO  o.s.w.s.DispatcherServlet - [initServletBean,547] - Completed initialization in 1 ms
2022-08-08 15:27:46 INFO  c.z.h.HikariDataSource - [getConnection,110] - HikariPool-1 - Starting...
2022-08-08 15:27:46 INFO  c.z.h.pool.PoolBase - [getAndSetNetworkTimeout,541] - HikariPool-1 - Driver does not support get/set network timeout for connections. (oracle.jdbc.driver.T4CConnection.getNetworkTimeout()I)
2022-08-08 15:27:46 INFO  c.z.h.HikariDataSource - [getConnection,123] - HikariPool-1 - Start completed.
2022-08-08 15:40:23 INFO  c.z.h.HikariDataSource - [close,350] - HikariPool-1 - Shutdown initiated...
2022-08-08 15:40:23 INFO  c.z.h.HikariDataSource - [close,352] - HikariPool-1 - Shutdown completed.
2022-08-08 15:40:33 INFO  c.s.Logback_Demo_4019 - [logStarting,55] - Starting Logback_Demo_4019 using Java 1.8.0_162 on LAPTOP-G0GIN7LN with PID 36764 (G:\TheProgram\Java\LiuItems\logback-demo-4019\target\classes started by admin in G:\TheProgram\Java\LiuItems)
2022-08-08 15:40:34 INFO  c.s.Logback_Demo_4019 - [logStartupProfileInfo,634] - No active profile set, falling back to 1 default profile: "default"
2022-08-08 15:40:35 INFO  o.s.b.w.e.t.TomcatWebServer - [initialize,108] - Tomcat initialized with port(s): 4019 (http)
2022-08-08 15:40:35 INFO  o.a.c.h.Http11NioProtocol - [log,173] - Initializing ProtocolHandler ["http-nio-4019"]
2022-08-08 15:40:35 INFO  o.a.c.c.StandardService - [log,173] - Starting service [Tomcat]
2022-08-08 15:40:35 INFO  o.a.c.c.StandardEngine - [log,173] - Starting Servlet engine: [Apache Tomcat/9.0.63]
2022-08-08 15:40:35 INFO  o.a.c.c.C.[.[.[/] - [log,173] - Initializing Spring embedded WebApplicationContext
2022-08-08 15:40:35 INFO  o.s.b.w.s.c.ServletWebServerApplicationContext - [prepareWebApplicationContext,292] - Root WebApplicationContext: initialization completed in 1881 ms
2022-08-08 15:40:37 INFO  o.a.c.h.Http11NioProtocol - [log,173] - Starting ProtocolHandler ["http-nio-4019"]
2022-08-08 15:40:37 INFO  o.s.b.w.e.t.TomcatWebServer - [start,220] - Tomcat started on port(s): 4019 (http) with context path ''
2022-08-08 15:40:37 INFO  c.s.Logback_Demo_4019 - [logStarted,61] - Started Logback_Demo_4019 in 4.585 seconds (JVM running for 7.343)
2022-08-08 15:41:34 INFO  c.s.Logback_Demo_4019 - [logStarting,55] - Starting Logback_Demo_4019 using Java 1.8.0_162 on LAPTOP-G0GIN7LN with PID 32500 (G:\TheProgram\Java\LiuItems\logback-demo-4019\target\classes started by admin in G:\TheProgram\Java\LiuItems)
2022-08-08 15:41:34 INFO  c.s.Logback_Demo_4019 - [logStartupProfileInfo,634] - No active profile set, falling back to 1 default profile: "default"
2022-08-08 15:41:37 INFO  o.s.b.w.e.t.TomcatWebServer - [initialize,108] - Tomcat initialized with port(s): 4019 (http)
2022-08-08 15:41:37 INFO  o.a.c.h.Http11NioProtocol - [log,173] - Initializing ProtocolHandler ["http-nio-4019"]
2022-08-08 15:41:37 INFO  o.a.c.c.StandardService - [log,173] - Starting service [Tomcat]
2022-08-08 15:41:37 INFO  o.a.c.c.StandardEngine - [log,173] - Starting Servlet engine: [Apache Tomcat/9.0.63]
2022-08-08 15:41:37 INFO  o.a.c.c.C.[.[.[/] - [log,173] - Initializing Spring embedded WebApplicationContext
2022-08-08 15:41:37 INFO  o.s.b.w.s.c.ServletWebServerApplicationContext - [prepareWebApplicationContext,292] - Root WebApplicationContext: initialization completed in 2116 ms
2022-08-08 15:41:38 INFO  o.a.c.h.Http11NioProtocol - [log,173] - Starting ProtocolHandler ["http-nio-4019"]
2022-08-08 15:41:38 INFO  o.s.b.w.e.t.TomcatWebServer - [start,220] - Tomcat started on port(s): 4019 (http) with context path ''
2022-08-08 15:41:38 INFO  c.s.Logback_Demo_4019 - [logStarted,61] - Started Logback_Demo_4019 in 4.774 seconds (JVM running for 7.663)
2022-08-08 15:42:17 INFO  o.a.c.c.C.[.[.[/] - [log,173] - Initializing Spring DispatcherServlet 'dispatcherServlet'
2022-08-08 15:42:17 INFO  o.s.w.s.DispatcherServlet - [initServletBean,525] - Initializing Servlet 'dispatcherServlet'
2022-08-08 15:42:17 INFO  o.s.w.s.DispatcherServlet - [initServletBean,547] - Completed initialization in 1 ms
2022-08-08 15:42:18 INFO  c.z.h.HikariDataSource - [getConnection,110] - HikariPool-1 - Starting...
2022-08-08 15:42:18 INFO  c.z.h.pool.PoolBase - [getAndSetNetworkTimeout,541] - HikariPool-1 - Driver does not support get/set network timeout for connections. (oracle.jdbc.driver.T4CConnection.getNetworkTimeout()I)
2022-08-08 15:42:18 INFO  c.z.h.HikariDataSource - [getConnection,123] - HikariPool-1 - Start completed.
2022-08-08 15:46:03 INFO  c.z.h.HikariDataSource - [close,350] - HikariPool-1 - Shutdown initiated...
2022-08-08 15:46:03 INFO  c.z.h.HikariDataSource - [close,352] - HikariPool-1 - Shutdown completed.
2022-08-08 15:46:14 INFO  c.s.Logback_Demo_4019 - [logStarting,55] - Starting Logback_Demo_4019 using Java 1.8.0_162 on LAPTOP-G0GIN7LN with PID 41164 (G:\TheProgram\Java\LiuItems\logback-demo-4019\target\classes started by admin in G:\TheProgram\Java\LiuItems)
2022-08-08 15:46:14 INFO  c.s.Logback_Demo_4019 - [logStartupProfileInfo,634] - No active profile set, falling back to 1 default profile: "default"
2022-08-08 15:46:17 INFO  o.s.b.w.e.t.TomcatWebServer - [initialize,108] - Tomcat initialized with port(s): 4019 (http)
2022-08-08 15:46:17 INFO  o.a.c.h.Http11NioProtocol - [log,173] - Initializing ProtocolHandler ["http-nio-4019"]
2022-08-08 15:46:17 INFO  o.a.c.c.StandardService - [log,173] - Starting service [Tomcat]
2022-08-08 15:46:17 INFO  o.a.c.c.StandardEngine - [log,173] - Starting Servlet engine: [Apache Tomcat/9.0.63]
2022-08-08 15:46:17 INFO  o.a.c.c.C.[.[.[/] - [log,173] - Initializing Spring embedded WebApplicationContext
2022-08-08 15:46:17 INFO  o.s.b.w.s.c.ServletWebServerApplicationContext - [prepareWebApplicationContext,292] - Root WebApplicationContext: initialization completed in 2624 ms
2022-08-08 15:46:19 INFO  o.a.c.h.Http11NioProtocol - [log,173] - Starting ProtocolHandler ["http-nio-4019"]
2022-08-08 15:46:19 INFO  o.s.b.w.e.t.TomcatWebServer - [start,220] - Tomcat started on port(s): 4019 (http) with context path ''
2022-08-08 15:46:19 INFO  c.s.Logback_Demo_4019 - [logStarted,61] - Started Logback_Demo_4019 in 5.476 seconds (JVM running for 8.596)
2022-08-08 15:46:26 INFO  o.a.c.c.C.[.[.[/] - [log,173] - Initializing Spring DispatcherServlet 'dispatcherServlet'
2022-08-08 15:46:26 INFO  o.s.w.s.DispatcherServlet - [initServletBean,525] - Initializing Servlet 'dispatcherServlet'
2022-08-08 15:46:26 INFO  o.s.w.s.DispatcherServlet - [initServletBean,547] - Completed initialization in 1 ms
2022-08-08 15:46:27 INFO  c.z.h.HikariDataSource - [getConnection,110] - HikariPool-1 - Starting...
2022-08-08 15:46:27 INFO  c.z.h.pool.PoolBase - [getAndSetNetworkTimeout,541] - HikariPool-1 - Driver does not support get/set network timeout for connections. (oracle.jdbc.driver.T4CConnection.getNetworkTimeout()I)
2022-08-08 15:46:27 INFO  c.z.h.HikariDataSource - [getConnection,123] - HikariPool-1 - Start completed.
2022-08-08 15:57:27 INFO  c.z.h.HikariDataSource - [close,350] - HikariPool-1 - Shutdown initiated...
2022-08-08 15:57:27 INFO  c.z.h.HikariDataSource - [close,352] - HikariPool-1 - Shutdown completed.
2022-08-08 15:57:42 INFO  c.s.Logback_Demo_4019 - [logStarting,55] - Starting Logback_Demo_4019 using Java 1.8.0_162 on LAPTOP-G0GIN7LN with PID 46456 (G:\TheProgram\Java\LiuItems\logback-demo-4019\target\classes started by admin in G:\TheProgram\Java\LiuItems)
2022-08-08 15:57:42 INFO  c.s.Logback_Demo_4019 - [logStartupProfileInfo,634] - No active profile set, falling back to 1 default profile: "default"
2022-08-08 15:57:44 INFO  o.s.b.w.e.t.TomcatWebServer - [initialize,108] - Tomcat initialized with port(s): 4019 (http)
2022-08-08 15:57:44 INFO  o.a.c.h.Http11NioProtocol - [log,173] - Initializing ProtocolHandler ["http-nio-4019"]
2022-08-08 15:57:44 INFO  o.a.c.c.StandardService - [log,173] - Starting service [Tomcat]
2022-08-08 15:57:44 INFO  o.a.c.c.StandardEngine - [log,173] - Starting Servlet engine: [Apache Tomcat/9.0.63]
2022-08-08 15:57:44 INFO  o.a.c.c.C.[.[.[/] - [log,173] - Initializing Spring embedded WebApplicationContext
2022-08-08 15:57:44 INFO  o.s.b.w.s.c.ServletWebServerApplicationContext - [prepareWebApplicationContext,292] - Root WebApplicationContext: initialization completed in 2055 ms
2022-08-08 15:57:46 INFO  o.a.c.h.Http11NioProtocol - [log,173] - Starting ProtocolHandler ["http-nio-4019"]
2022-08-08 15:57:46 INFO  o.s.b.w.e.t.TomcatWebServer - [start,220] - Tomcat started on port(s): 4019 (http) with context path ''
2022-08-08 15:57:46 INFO  c.s.Logback_Demo_4019 - [logStarted,61] - Started Logback_Demo_4019 in 5.157 seconds (JVM running for 8.201)
2022-08-08 15:58:07 INFO  o.a.c.c.C.[.[.[/] - [log,173] - Initializing Spring DispatcherServlet 'dispatcherServlet'
2022-08-08 15:58:07 INFO  o.s.w.s.DispatcherServlet - [initServletBean,525] - Initializing Servlet 'dispatcherServlet'
2022-08-08 15:58:07 INFO  o.s.w.s.DispatcherServlet - [initServletBean,547] - Completed initialization in 2 ms
2022-08-08 15:58:07 INFO  c.z.h.HikariDataSource - [getConnection,110] - HikariPool-1 - Starting...
2022-08-08 15:58:07 INFO  c.z.h.pool.PoolBase - [getAndSetNetworkTimeout,541] - HikariPool-1 - Driver does not support get/set network timeout for connections. (oracle.jdbc.driver.T4CConnection.getNetworkTimeout()I)
2022-08-08 15:58:07 INFO  c.z.h.HikariDataSource - [getConnection,123] - HikariPool-1 - Start completed.
2022-08-08 16:07:55 INFO  c.z.h.HikariDataSource - [close,350] - HikariPool-1 - Shutdown initiated...
2022-08-08 16:07:55 INFO  c.z.h.HikariDataSource - [close,352] - HikariPool-1 - Shutdown completed.
2022-08-08 16:08:16 INFO  c.s.Logback_Demo_4019 - [logStarting,55] - Starting Logback_Demo_4019 using Java 1.8.0_162 on LAPTOP-G0GIN7LN with PID 46212 (G:\TheProgram\Java\LiuItems\logback-demo-4019\target\classes started by admin in G:\TheProgram\Java\LiuItems)
2022-08-08 16:08:16 INFO  c.s.Logback_Demo_4019 - [logStartupProfileInfo,634] - No active profile set, falling back to 1 default profile: "default"
2022-08-08 16:08:18 INFO  o.s.b.w.e.t.TomcatWebServer - [initialize,108] - Tomcat initialized with port(s): 4019 (http)
2022-08-08 16:08:18 INFO  o.a.c.h.Http11NioProtocol - [log,173] - Initializing ProtocolHandler ["http-nio-4019"]
2022-08-08 16:08:18 INFO  o.a.c.c.StandardService - [log,173] - Starting service [Tomcat]
2022-08-08 16:08:18 INFO  o.a.c.c.StandardEngine - [log,173] - Starting Servlet engine: [Apache Tomcat/9.0.63]
2022-08-08 16:08:18 INFO  o.a.c.c.C.[.[.[/] - [log,173] - Initializing Spring embedded WebApplicationContext
2022-08-08 16:08:18 INFO  o.s.b.w.s.c.ServletWebServerApplicationContext - [prepareWebApplicationContext,292] - Root WebApplicationContext: initialization completed in 2635 ms
2022-08-08 16:08:20 INFO  o.a.c.h.Http11NioProtocol - [log,173] - Starting ProtocolHandler ["http-nio-4019"]
2022-08-08 16:08:20 INFO  o.s.b.w.e.t.TomcatWebServer - [start,220] - Tomcat started on port(s): 4019 (http) with context path ''
2022-08-08 16:08:20 INFO  c.s.Logback_Demo_4019 - [logStarted,61] - Started Logback_Demo_4019 in 5.322 seconds (JVM running for 9.511)
2022-08-08 16:08:38 INFO  o.a.c.c.C.[.[.[/] - [log,173] - Initializing Spring DispatcherServlet 'dispatcherServlet'
2022-08-08 16:08:38 INFO  o.s.w.s.DispatcherServlet - [initServletBean,525] - Initializing Servlet 'dispatcherServlet'
2022-08-08 16:08:38 INFO  o.s.w.s.DispatcherServlet - [initServletBean,547] - Completed initialization in 1 ms
2022-08-08 16:08:38 INFO  c.z.h.HikariDataSource - [getConnection,110] - HikariPool-1 - Starting...
2022-08-08 16:08:38 INFO  c.z.h.pool.PoolBase - [getAndSetNetworkTimeout,541] - HikariPool-1 - Driver does not support get/set network timeout for connections. (oracle.jdbc.driver.T4CConnection.getNetworkTimeout()I)
2022-08-08 16:08:38 INFO  c.z.h.HikariDataSource - [getConnection,123] - HikariPool-1 - Start completed.
2022-08-08 17:10:17 INFO  c.s.Logback_Demo_4019 - [logStarting,55] - Starting Logback_Demo_4019 using Java 1.8.0_162 on LAPTOP-G0GIN7LN with PID 17060 (G:\TheProgram\Java\LiuItems\logback-demo-4019\target\classes started by admin in G:\TheProgram\Java\LiuItems)
2022-08-08 17:10:17 INFO  c.s.Logback_Demo_4019 - [logStartupProfileInfo,634] - No active profile set, falling back to 1 default profile: "default"
2022-08-08 17:10:19 INFO  o.s.b.w.e.t.TomcatWebServer - [initialize,108] - Tomcat initialized with port(s): 4019 (http)
2022-08-08 17:10:19 INFO  o.a.c.h.Http11NioProtocol - [log,173] - Initializing ProtocolHandler ["http-nio-4019"]
2022-08-08 17:10:19 INFO  o.a.c.c.StandardService - [log,173] - Starting service [Tomcat]
2022-08-08 17:10:19 INFO  o.a.c.c.StandardEngine - [log,173] - Starting Servlet engine: [Apache Tomcat/9.0.63]
2022-08-08 17:10:19 INFO  o.a.c.c.C.[.[.[/] - [log,173] - Initializing Spring embedded WebApplicationContext
2022-08-08 17:10:19 INFO  o.s.b.w.s.c.ServletWebServerApplicationContext - [prepareWebApplicationContext,292] - Root WebApplicationContext: initialization completed in 2471 ms
2022-08-08 17:10:21 INFO  o.a.c.h.Http11NioProtocol - [log,173] - Starting ProtocolHandler ["http-nio-4019"]
2022-08-08 17:10:21 INFO  o.s.b.w.e.t.TomcatWebServer - [start,220] - Tomcat started on port(s): 4019 (http) with context path ''
2022-08-08 17:10:21 INFO  c.s.Logback_Demo_4019 - [logStarted,61] - Started Logback_Demo_4019 in 5.01 seconds (JVM running for 11.067)
2022-08-08 17:12:33 INFO  o.a.c.c.C.[.[.[/] - [log,173] - Initializing Spring DispatcherServlet 'dispatcherServlet'
2022-08-08 17:12:33 INFO  o.s.w.s.DispatcherServlet - [initServletBean,525] - Initializing Servlet 'dispatcherServlet'
2022-08-08 17:12:33 INFO  o.s.w.s.DispatcherServlet - [initServletBean,547] - Completed initialization in 2 ms
2022-08-08 17:12:34 INFO  c.z.h.HikariDataSource - [getConnection,110] - HikariPool-1 - Starting...
2022-08-08 17:12:34 INFO  c.z.h.pool.PoolBase - [getAndSetNetworkTimeout,541] - HikariPool-1 - Driver does not support get/set network timeout for connections. (oracle.jdbc.driver.T4CConnection.getNetworkTimeout()I)
2022-08-08 17:12:34 INFO  c.z.h.HikariDataSource - [getConnection,123] - HikariPool-1 - Start completed.
