2022-05-26 15:36:01 INFO  o.s.b.t.c.SpringBootTestContextBootstrapper - [buildDefaultMergedContextConfiguration,305] - Neither @ContextConfiguration nor @ContextHierarchy found for test class [com.shusheng.QuarztDemo4020ApplicationTests], using SpringBootContextLoader
2022-05-26 15:36:01 INFO  o.s.t.c.s.AbstractContextLoader - [generateDefaultLocations,264] - Could not detect default resource locations for test class [com.shusheng.QuarztDemo4020ApplicationTests]: no resource found for suffixes {-context.xml, Context.groovy}.
2022-05-26 15:36:01 INFO  o.s.t.c.s.AnnotationConfigContextLoaderUtils - [detectDefaultConfigurationClasses,83] - Could not detect default configuration classes for test class [com.shusheng.QuarztDemo4020ApplicationTests]: QuarztDemo4020ApplicationTests does not declare any static, non-private, non-final, nested classes annotated with @Configuration.
2022-05-26 15:36:02 INFO  o.s.b.t.c.SpringBootTestContextBootstrapper - [getOrFindConfigurationClasses,238] - Found @SpringBootConfiguration com.shusheng.Quartz_Demo_4020 for test class com.shusheng.QuarztDemo4020ApplicationTests
2022-05-26 15:36:02 INFO  o.s.b.t.c.SpringBootTestContextBootstrapper - [getDefaultTestExecutionListenerClassNames,245] - Loaded default TestExecutionListener class names from location [META-INF/spring.factories]: [org.springframework.boot.test.mock.mockito.MockitoTestExecutionListener, org.springframework.boot.test.mock.mockito.ResetMocksTestExecutionListener, org.springframework.boot.test.autoconfigure.restdocs.RestDocsTestExecutionListener, org.springframework.boot.test.autoconfigure.web.client.MockRestServiceServerResetTestExecutionListener, org.springframework.boot.test.autoconfigure.web.servlet.MockMvcPrintOnlyOnFailureTestExecutionListener, org.springframework.boot.test.autoconfigure.web.servlet.WebDriverTestExecutionListener, org.springframework.boot.test.autoconfigure.webservices.client.MockWebServiceServerTestExecutionListener, org.springframework.test.context.web.ServletTestExecutionListener, org.springframework.test.context.support.DirtiesContextBeforeModesTestExecutionListener, org.springframework.test.context.event.ApplicationEventsTestExecutionListener, org.springframework.test.context.support.DependencyInjectionTestExecutionListener, org.springframework.test.context.support.DirtiesContextTestExecutionListener, org.springframework.test.context.transaction.TransactionalTestExecutionListener, org.springframework.test.context.jdbc.SqlScriptsTestExecutionListener, org.springframework.test.context.event.EventPublishingTestExecutionListener]
2022-05-26 15:36:02 INFO  o.s.b.t.c.SpringBootTestContextBootstrapper - [getTestExecutionListeners,174] - Using TestExecutionListeners: [org.springframework.test.context.web.ServletTestExecutionListener@6f1c29b7, org.springframework.test.context.support.DirtiesContextBeforeModesTestExecutionListener@4d6025c5, org.springframework.test.context.event.ApplicationEventsTestExecutionListener@7f284218, org.springframework.boot.test.mock.mockito.MockitoTestExecutionListener@407a7f2a, org.springframework.boot.test.autoconfigure.SpringBootDependencyInjectionTestExecutionListener@4ea5b703, org.springframework.test.context.support.DirtiesContextTestExecutionListener@2a7ed1f, org.springframework.test.context.transaction.TransactionalTestExecutionListener@3fa247d1, org.springframework.test.context.jdbc.SqlScriptsTestExecutionListener@2cb2fc20, org.springframework.test.context.event.EventPublishingTestExecutionListener@4f4c4b1a, org.springframework.boot.test.mock.mockito.ResetMocksTestExecutionListener@723e88f9, org.springframework.boot.test.autoconfigure.restdocs.RestDocsTestExecutionListener@5f0fd5a0, org.springframework.boot.test.autoconfigure.web.client.MockRestServiceServerResetTestExecutionListener@64e7619d, org.springframework.boot.test.autoconfigure.web.servlet.MockMvcPrintOnlyOnFailureTestExecutionListener@495ee280, org.springframework.boot.test.autoconfigure.web.servlet.WebDriverTestExecutionListener@4fa1c212, org.springframework.boot.test.autoconfigure.webservices.client.MockWebServiceServerTestExecutionListener@6ea2bc93]
2022-05-26 15:36:04 INFO  c.s.QuarztDemo4020ApplicationTests - [logStarting,55] - Starting QuarztDemo4020ApplicationTests using Java 1.8.0_162 on LAPTOP-G0GIN7LN with PID 33960 (started by admin in G:\TheProgram\Java\LiuItems\quarzt-demo-4020)
2022-05-26 15:36:04 INFO  c.s.QuarztDemo4020ApplicationTests - [logStartupProfileInfo,634] - No active profile set, falling back to 1 default profile: "default"
2022-05-26 15:36:15 INFO  o.q.i.StdSchedulerFactory - [instantiate,1220] - Using default implementation for ThreadExecutor
2022-05-26 15:36:15 INFO  o.q.c.SchedulerSignalerImpl - [<init>,61] - Initialized Scheduler Signaller of type: class org.quartz.core.SchedulerSignalerImpl
2022-05-26 15:36:15 INFO  o.q.c.QuartzScheduler - [<init>,229] - Quartz Scheduler v.2.3.2 created.
2022-05-26 15:36:15 INFO  o.q.s.RAMJobStore - [initialize,155] - RAMJobStore initialized.
2022-05-26 15:36:15 INFO  o.q.c.QuartzScheduler - [initialize,294] - Scheduler meta-data: Quartz Scheduler (v2.3.2) 'quartzScheduler' with instanceId 'NON_CLUSTERED'
  Scheduler class: 'org.quartz.core.QuartzScheduler' - running locally.
  NOT STARTED.
  Currently in standby mode.
  Number of jobs executed: 0
  Using thread pool 'org.quartz.simpl.SimpleThreadPool' - with 10 threads.
  Using job-store 'org.quartz.simpl.RAMJobStore' - which does not support persistence. and is not clustered.

2022-05-26 15:36:15 INFO  o.q.i.StdSchedulerFactory - [instantiate,1374] - Quartz scheduler 'quartzScheduler' initialized from an externally provided properties instance.
2022-05-26 15:36:15 INFO  o.q.i.StdSchedulerFactory - [instantiate,1378] - Quartz scheduler version: 2.3.2
2022-05-26 15:36:15 INFO  o.q.c.QuartzScheduler - [setJobFactory,2293] - JobFactory set to: org.springframework.scheduling.quartz.SpringBeanJobFactory@6a282fdd
2022-05-26 15:36:20 INFO  o.s.s.q.SchedulerFactoryBean - [startScheduler,729] - Starting Quartz Scheduler now
2022-05-26 15:36:20 INFO  o.q.c.QuartzScheduler - [start,547] - Scheduler quartzScheduler_$_NON_CLUSTERED started.
2022-05-26 15:36:20 INFO  c.s.QuarztDemo4020ApplicationTests - [logStarted,61] - Started QuarztDemo4020ApplicationTests in 17.409 seconds (JVM running for 23.96)
2022-05-26 15:36:46 INFO  o.q.c.QuartzScheduler - [standby,585] - Scheduler quartzScheduler_$_NON_CLUSTERED paused.
2022-05-26 15:36:46 INFO  o.s.s.q.SchedulerFactoryBean - [destroy,847] - Shutting down Quartz Scheduler
2022-05-26 15:36:46 INFO  o.q.c.QuartzScheduler - [shutdown,666] - Scheduler quartzScheduler_$_NON_CLUSTERED shutting down.
2022-05-26 15:36:46 INFO  o.q.c.QuartzScheduler - [standby,585] - Scheduler quartzScheduler_$_NON_CLUSTERED paused.
2022-05-26 15:36:46 INFO  o.q.c.QuartzScheduler - [shutdown,740] - Scheduler quartzScheduler_$_NON_CLUSTERED shutdown complete.
2022-05-26 15:36:46 INFO  c.a.d.p.DruidDataSource - [close,2073] - {dataSource-0} closing ...
